2024/12/04 14:38:51| Created PID file (/var/run/squid.pid)
2024/12/04 14:38:51| Current Directory is /squid
2024/12/04 14:38:51| Starting Squid Cache version 4.10 for x86_64-pc-linux-gnu...
2024/12/04 14:38:51| Service Name: squid
2024/12/04 14:38:51| Process ID 35
2024/12/04 14:38:51| Process Roles: master worker
2024/12/04 14:38:51| With 1048576 file descriptors available
2024/12/04 14:38:51| Initializing IP Cache...
2024/12/04 14:38:51| DNS Socket created at [::], FD 7
2024/12/04 14:38:51| DNS Socket created at 0.0.0.0, FD 13
2024/12/04 14:38:51| Adding nameserver 192.168.65.7 from /etc/resolv.conf
2024/12/04 14:38:51| Logfile: opening log stdio:/squid/access.log
2024/12/04 14:38:51| Local cache digest enabled; rebuild/rewrite every 3600/3600 sec
2024/12/04 14:38:51| Store logging disabled
2024/12/04 14:38:51| Swap maxSize 0 + 262144 KB, estimated 20164 objects
2024/12/04 14:38:51| Target number of buckets: 1008
2024/12/04 14:38:51| Using 8192 Store buckets
2024/12/04 14:38:51| Max Mem  size: 262144 KB
2024/12/04 14:38:51| Max Swap size: 0 KB
2024/12/04 14:38:51| Using Least Load store dir selection
2024/12/04 14:38:51| Current Directory is /squid
2024/12/04 14:38:51| Finished loading MIME types and icons.
2024/12/04 14:38:51| HTCP Disabled.
2024/12/04 14:38:51| Pinger socket opened on FD 17
2024/12/04 14:38:51| Squid plugin modules loaded: 0
2024/12/04 14:38:51| Adaptation support is off.
2024/12/04 14:38:51| Accepting HTTP Socket connections at local=[::]:3128 remote=[::] FD 15 flags=9
2024/12/04 14:38:51| pinger: Initialising ICMP pinger ...
2024/12/04 14:38:51| pinger: ICMP socket opened.
2024/12/04 14:38:51| pinger: ICMPv6 socket opened
2024/12/04 14:38:52| storeLateRelease: released 0 objects
2024/12/04 15:24:17| Logfile: opening log stdio:/var/spool/squid/netdb.state
2024/12/04 15:24:17| Logfile: closing log stdio:/var/spool/squid/netdb.state
2024/12/04 15:24:17| NETDB state saved; 0 entries, 16 msec
2024/12/04 15:27:39| Created PID file (/var/run/squid.pid)
2024/12/04 15:27:39| Current Directory is /squid
2024/12/04 15:27:39| Starting Squid Cache version 4.10 for x86_64-pc-linux-gnu...
2024/12/04 15:27:39| Service Name: squid
2024/12/04 15:27:39| Process ID 35
2024/12/04 15:27:39| Process Roles: master worker
2024/12/04 15:27:39| With 1048576 file descriptors available
2024/12/04 15:27:39| Initializing IP Cache...
2024/12/04 15:27:39| DNS Socket created at [::], FD 7
2024/12/04 15:27:39| DNS Socket created at 0.0.0.0, FD 13
2024/12/04 15:27:39| Adding nameserver 192.168.65.7 from /etc/resolv.conf
2024/12/04 15:27:39| Logfile: opening log stdio:/squid/access.log
2024/12/04 15:27:39| Local cache digest enabled; rebuild/rewrite every 3600/3600 sec
2024/12/04 15:27:39| Store logging disabled
2024/12/04 15:27:39| Swap maxSize 0 + 262144 KB, estimated 20164 objects
2024/12/04 15:27:39| Target number of buckets: 1008
2024/12/04 15:27:39| Using 8192 Store buckets
2024/12/04 15:27:39| Max Mem  size: 262144 KB
2024/12/04 15:27:39| Max Swap size: 0 KB
2024/12/04 15:27:39| Using Least Load store dir selection
2024/12/04 15:27:39| Current Directory is /squid
2024/12/04 15:27:39| Finished loading MIME types and icons.
2024/12/04 15:27:39| HTCP Disabled.
2024/12/04 15:27:39| Pinger socket opened on FD 17
2024/12/04 15:27:39| Squid plugin modules loaded: 0
2024/12/04 15:27:39| Adaptation support is off.
2024/12/04 15:27:39| Accepting HTTP Socket connections at local=[::]:3128 remote=[::] FD 15 flags=9
2024/12/04 15:27:39| pinger: Initialising ICMP pinger ...
2024/12/04 15:27:39| pinger: ICMP socket opened.
2024/12/04 15:27:39| pinger: ICMPv6 socket opened
2024/12/04 15:27:40| storeLateRelease: released 0 objects
2024/12/04 15:31:40| Preparing for shutdown after 1 requests
2024/12/04 15:31:40| Waiting 0 seconds for active connections to finish
2024/12/04 15:31:40| Closing HTTP(S) port [::]:3128
2024/12/04 15:31:40| Closing Pinger socket on FD 17
2024/12/04 15:31:41| Shutdown: NTLM authentication.
2024/12/04 15:31:41| Shutdown: Negotiate authentication.
2024/12/04 15:31:41| Shutdown: Digest authentication.
2024/12/04 15:31:41| Shutdown: Basic authentication.
2024/12/04 15:31:42| Shutting down...
2024/12/04 15:31:42| storeDirWriteCleanLogs: Starting...
2024/12/04 15:31:42|   Finished.  Wrote 0 entries.
2024/12/04 15:31:42|   Took 0.00 seconds (  0.00 entries/sec).
CPU Usage: 0.559 seconds = 0.267 user + 0.292 sys
Maximum Resident Size: 722496 KB
Page faults with physical i/o: 0
2024/12/04 15:31:42| Logfile: closing log stdio:/squid/access.log
2024/12/04 15:31:42| Open FD UNSTARTED     0 stdin
2024/12/04 15:31:42| Open FD UNSTARTED     1 stdout
2024/12/04 15:31:42| Open FD UNSTARTED     2 stderr
2024/12/04 15:31:42| Squid Cache (Version 4.10): Exiting normally.
2024/12/04 15:31:42| Removing PID file (/var/run/squid.pid)
2024/12/04 15:50:08| Created PID file (/var/run/squid.pid)
2024/12/04 15:50:08| Current Directory is /squid
2024/12/04 15:50:08| Starting Squid Cache version 4.10 for x86_64-pc-linux-gnu...
2024/12/04 15:50:08| Service Name: squid
2024/12/04 15:50:08| Process ID 34
2024/12/04 15:50:08| Process Roles: master worker
2024/12/04 15:50:08| With 1048576 file descriptors available
2024/12/04 15:50:08| Initializing IP Cache...
2024/12/04 15:50:08| DNS Socket created at [::], FD 7
2024/12/04 15:50:08| DNS Socket created at 0.0.0.0, FD 13
2024/12/04 15:50:08| Adding nameserver 192.168.65.7 from /etc/resolv.conf
2024/12/04 15:50:08| Logfile: opening log stdio:/squid/access.log
2024/12/04 15:50:08| Local cache digest enabled; rebuild/rewrite every 3600/3600 sec
2024/12/04 15:50:08| Store logging disabled
2024/12/04 15:50:08| Swap maxSize 0 + 262144 KB, estimated 20164 objects
2024/12/04 15:50:08| Target number of buckets: 1008
2024/12/04 15:50:08| Using 8192 Store buckets
2024/12/04 15:50:08| Max Mem  size: 262144 KB
2024/12/04 15:50:08| Max Swap size: 0 KB
2024/12/04 15:50:08| Using Least Load store dir selection
2024/12/04 15:50:08| Current Directory is /squid
2024/12/04 15:50:08| Finished loading MIME types and icons.
2024/12/04 15:50:08| HTCP Disabled.
2024/12/04 15:50:08| Pinger socket opened on FD 17
2024/12/04 15:50:08| Squid plugin modules loaded: 0
2024/12/04 15:50:08| Adaptation support is off.
2024/12/04 15:50:08| Accepting HTTP Socket connections at local=[::]:3128 remote=[::] FD 15 flags=9
2024/12/04 15:50:08| pinger: Initialising ICMP pinger ...
2024/12/04 15:50:08| pinger: ICMP socket opened.
2024/12/04 15:50:08| pinger: ICMPv6 socket opened
2024/12/04 15:50:09| storeLateRelease: released 0 objects
2024/12/04 17:55:20| Logfile: opening log stdio:/var/spool/squid/netdb.state
2024/12/04 17:55:20| Logfile: closing log stdio:/var/spool/squid/netdb.state
2024/12/04 17:55:20| NETDB state saved; 0 entries, 33 msec
2024/12/04 20:39:17| Logfile: opening log stdio:/var/spool/squid/netdb.state
2024/12/04 20:39:17| Logfile: closing log stdio:/var/spool/squid/netdb.state
2024/12/04 20:39:17| NETDB state saved; 0 entries, 7 msec
2024/12/05 00:10:24| Logfile: opening log stdio:/var/spool/squid/netdb.state
2024/12/05 00:10:24| Logfile: closing log stdio:/var/spool/squid/netdb.state
2024/12/05 00:10:24| NETDB state saved; 0 entries, 3 msec
2024/12/05 01:42:55| Logfile: opening log stdio:/var/spool/squid/netdb.state
2024/12/05 01:42:55| Logfile: closing log stdio:/var/spool/squid/netdb.state
2024/12/05 01:42:55| NETDB state saved; 0 entries, 7 msec
2024/12/05 03:13:43| Logfile: opening log stdio:/var/spool/squid/netdb.state
2024/12/05 03:13:43| Logfile: closing log stdio:/var/spool/squid/netdb.state
2024/12/05 03:13:43| NETDB state saved; 0 entries, 2 msec
2024/12/05 04:14:34| Logfile: opening log stdio:/var/spool/squid/netdb.state
2024/12/05 04:14:34| Logfile: closing log stdio:/var/spool/squid/netdb.state
2024/12/05 04:14:34| NETDB state saved; 0 entries, 5 msec
2024/12/05 06:16:24| Logfile: opening log stdio:/var/spool/squid/netdb.state
2024/12/05 06:16:24| Logfile: closing log stdio:/var/spool/squid/netdb.state
2024/12/05 06:16:24| NETDB state saved; 0 entries, 4 msec
2024/12/05 07:31:32| Logfile: opening log stdio:/var/spool/squid/netdb.state
2024/12/05 07:31:32| Logfile: closing log stdio:/var/spool/squid/netdb.state
2024/12/05 07:31:32| NETDB state saved; 0 entries, 13 msec
2024/12/07 16:24:32| Created PID file (/var/run/squid.pid)
2024/12/07 16:24:32| Current Directory is /squid
2024/12/07 16:24:32| Starting Squid Cache version 4.10 for x86_64-pc-linux-gnu...
2024/12/07 16:24:32| Service Name: squid
2024/12/07 16:24:32| Process ID 35
2024/12/07 16:24:32| Process Roles: master worker
2024/12/07 16:24:32| With 1048576 file descriptors available
2024/12/07 16:24:32| Initializing IP Cache...
2024/12/07 16:24:32| DNS Socket created at [::], FD 7
2024/12/07 16:24:32| DNS Socket created at 0.0.0.0, FD 13
2024/12/07 16:24:32| Adding nameserver 192.168.65.7 from /etc/resolv.conf
2024/12/07 16:24:32| Logfile: opening log stdio:/squid/access.log
2024/12/07 16:24:32| Local cache digest enabled; rebuild/rewrite every 3600/3600 sec
2024/12/07 16:24:32| Store logging disabled
2024/12/07 16:24:32| Swap maxSize 0 + 262144 KB, estimated 20164 objects
2024/12/07 16:24:32| Target number of buckets: 1008
2024/12/07 16:24:32| Using 8192 Store buckets
2024/12/07 16:24:32| Max Mem  size: 262144 KB
2024/12/07 16:24:32| Max Swap size: 0 KB
2024/12/07 16:24:32| Using Least Load store dir selection
2024/12/07 16:24:32| Current Directory is /squid
2024/12/07 16:24:32| Finished loading MIME types and icons.
2024/12/07 16:24:32| HTCP Disabled.
2024/12/07 16:24:32| Pinger socket opened on FD 17
2024/12/07 16:24:32| Squid plugin modules loaded: 0
2024/12/07 16:24:32| Adaptation support is off.
2024/12/07 16:24:32| Accepting HTTP Socket connections at local=[::]:3128 remote=[::] FD 15 flags=9
2024/12/07 16:24:32| pinger: Initialising ICMP pinger ...
2024/12/07 16:24:32| pinger: ICMP socket opened.
2024/12/07 16:24:32| pinger: ICMPv6 socket opened
2024/12/07 16:24:33| storeLateRelease: released 0 objects
2024/12/07 17:09:57| Logfile: opening log stdio:/var/spool/squid/netdb.state
2024/12/07 17:09:57| Logfile: closing log stdio:/var/spool/squid/netdb.state
2024/12/07 17:09:57| NETDB state saved; 0 entries, 9 msec
2024/12/07 17:15:45| Created PID file (/var/run/squid.pid)
2024/12/07 17:15:45| Current Directory is /squid
2024/12/07 17:15:45| Starting Squid Cache version 4.10 for x86_64-pc-linux-gnu...
2024/12/07 17:15:45| Service Name: squid
2024/12/07 17:15:45| Process ID 34
2024/12/07 17:15:45| Process Roles: master worker
2024/12/07 17:15:45| With 1048576 file descriptors available
2024/12/07 17:15:45| Initializing IP Cache...
2024/12/07 17:15:45| DNS Socket created at [::], FD 7
2024/12/07 17:15:45| DNS Socket created at 0.0.0.0, FD 13
2024/12/07 17:15:45| Adding nameserver 192.168.65.7 from /etc/resolv.conf
2024/12/07 17:15:45| Logfile: opening log stdio:/squid/access.log
2024/12/07 17:15:45| Local cache digest enabled; rebuild/rewrite every 3600/3600 sec
2024/12/07 17:15:45| Store logging disabled
2024/12/07 17:15:45| Swap maxSize 0 + 262144 KB, estimated 20164 objects
2024/12/07 17:15:45| Target number of buckets: 1008
2024/12/07 17:15:45| Using 8192 Store buckets
2024/12/07 17:15:45| Max Mem  size: 262144 KB
2024/12/07 17:15:45| Max Swap size: 0 KB
2024/12/07 17:15:45| Using Least Load store dir selection
2024/12/07 17:15:45| Current Directory is /squid
2024/12/07 17:15:45| Finished loading MIME types and icons.
2024/12/07 17:15:45| HTCP Disabled.
2024/12/07 17:15:45| Pinger socket opened on FD 17
2024/12/07 17:15:45| Squid plugin modules loaded: 0
2024/12/07 17:15:45| Adaptation support is off.
2024/12/07 17:15:45| Accepting HTTP Socket connections at local=[::]:3128 remote=[::] FD 15 flags=9
2024/12/07 17:15:45| pinger: Initialising ICMP pinger ...
2024/12/07 17:15:45| pinger: ICMP socket opened.
2024/12/07 17:15:45| pinger: ICMPv6 socket opened
2024/12/07 17:15:46| storeLateRelease: released 0 objects
2024/12/07 17:46:58| Created PID file (/var/run/squid.pid)
2024/12/07 17:46:58| Current Directory is /squid
2024/12/07 17:46:58| Starting Squid Cache version 4.10 for x86_64-pc-linux-gnu...
2024/12/07 17:46:58| Service Name: squid
2024/12/07 17:46:58| Process ID 35
2024/12/07 17:46:58| Process Roles: master worker
2024/12/07 17:46:58| With 1048576 file descriptors available
2024/12/07 17:46:58| Initializing IP Cache...
2024/12/07 17:46:58| DNS Socket created at [::], FD 7
2024/12/07 17:46:58| DNS Socket created at 0.0.0.0, FD 13
2024/12/07 17:46:58| Adding nameserver 192.168.65.7 from /etc/resolv.conf
2024/12/07 17:46:58| Logfile: opening log stdio:/squid/access.log
2024/12/07 17:46:58| Local cache digest enabled; rebuild/rewrite every 3600/3600 sec
2024/12/07 17:46:58| Store logging disabled
2024/12/07 17:46:58| Swap maxSize 0 + 262144 KB, estimated 20164 objects
2024/12/07 17:46:58| Target number of buckets: 1008
2024/12/07 17:46:58| Using 8192 Store buckets
2024/12/07 17:46:58| Max Mem  size: 262144 KB
2024/12/07 17:46:58| Max Swap size: 0 KB
2024/12/07 17:46:58| Using Least Load store dir selection
2024/12/07 17:46:58| Current Directory is /squid
2024/12/07 17:46:58| Finished loading MIME types and icons.
2024/12/07 17:46:58| HTCP Disabled.
2024/12/07 17:46:58| Pinger socket opened on FD 17
2024/12/07 17:46:58| Squid plugin modules loaded: 0
2024/12/07 17:46:58| Adaptation support is off.
2024/12/07 17:46:58| Accepting HTTP Socket connections at local=[::]:3128 remote=[::] FD 15 flags=9
2024/12/07 17:46:59| pinger: Initialising ICMP pinger ...
2024/12/07 17:46:59| pinger: ICMP socket opened.
2024/12/07 17:46:59| pinger: ICMPv6 socket opened
2024/12/07 17:46:59| storeLateRelease: released 0 objects
2024/12/07 17:56:09| Preparing for shutdown after 5 requests
2024/12/07 17:56:09| Waiting 0 seconds for active connections to finish
2024/12/07 17:56:09| Closing HTTP(S) port [::]:3128
2024/12/07 17:56:09| Closing Pinger socket on FD 17
2024/12/07 17:56:10| Shutdown: NTLM authentication.
2024/12/07 17:56:10| Shutdown: Negotiate authentication.
2024/12/07 17:56:10| Shutdown: Digest authentication.
2024/12/07 17:56:10| Shutdown: Basic authentication.
2024/12/07 17:56:10| Shutting down...
2024/12/07 17:56:10| storeDirWriteCleanLogs: Starting...
2024/12/07 17:56:10|   Finished.  Wrote 0 entries.
2024/12/07 17:56:10|   Took 0.00 seconds (  0.00 entries/sec).
CPU Usage: 0.863 seconds = 0.462 user + 0.401 sys
Maximum Resident Size: 724160 KB
Page faults with physical i/o: 0
2024/12/07 17:56:10| Logfile: closing log stdio:/squid/access.log
2024/12/07 17:56:10| Open FD UNSTARTED     0 stdin
2024/12/07 17:56:10| Open FD UNSTARTED     1 stdout
2024/12/07 17:56:10| Open FD UNSTARTED     2 stderr
2024/12/07 17:56:10| Squid Cache (Version 4.10): Exiting normally.
2024/12/07 17:56:10| Removing PID file (/var/run/squid.pid)
